CRITICAL - 2023-11-25 00:24:45 --> Array to string conversion
in APPPATH\Views\home.php on line 104.
 1 APPPATH\Views\home.php(104): CodeIgniter\Debug\Exceptions->errorHandler(2, 'Array to string conversion', 'C:\\xampp\\htdocs\\noticias\\app\\Views\\home.php', 104)
 2 SYSTEMPATH\View\View.php(228): include('C:\\xampp\\htdocs\\noticias\\app\\Views\\home.php')
 3 SYSTEMPATH\View\View.php(231): CodeIgniter\View\View->CodeIgniter\View\{closure}()
 4 SYSTEMPATH\Common.php(1190): CodeIgniter\View\View->render('home', [], true)
 5 APPPATH\Controllers\Home.php(19): view('home', [...])
 6 SYSTEMPATH\CodeIgniter.php(942): App\Controllers\Home->index()
 7 SYSTEMPATH\CodeIgniter.php(502): CodeIgniter\CodeIgniter->runController(Object(App\Controllers\Home))
 8 SYSTEMPATH\CodeIgniter.php(361): CodeIgniter\CodeIgniter->handleRequest(null, Object(Config\Cache), false)
 9 FCPATH\index.php(79): CodeIgniter\CodeIgniter->run()
CRITICAL - 2023-11-25 00:25:00 --> Array to string conversion
in APPPATH\Views\home.php on line 103.
 1 APPPATH\Views\home.php(103): CodeIgniter\Debug\Exceptions->errorHandler(2, 'Array to string conversion', 'C:\\xampp\\htdocs\\noticias\\app\\Views\\home.php', 103)
 2 SYSTEMPATH\View\View.php(228): include('C:\\xampp\\htdocs\\noticias\\app\\Views\\home.php')
 3 SYSTEMPATH\View\View.php(231): CodeIgniter\View\View->CodeIgniter\View\{closure}()
 4 SYSTEMPATH\Common.php(1190): CodeIgniter\View\View->render('home', [], true)
 5 APPPATH\Controllers\Home.php(19): view('home', [...])
 6 SYSTEMPATH\CodeIgniter.php(942): App\Controllers\Home->index()
 7 SYSTEMPATH\CodeIgniter.php(502): CodeIgniter\CodeIgniter->runController(Object(App\Controllers\Home))
 8 SYSTEMPATH\CodeIgniter.php(361): CodeIgniter\CodeIgniter->handleRequest(null, Object(Config\Cache), false)
 9 FCPATH\index.php(79): CodeIgniter\CodeIgniter->run()
