CRITICAL - 2023-11-29 22:45:43 --> Trying to access array offset on value of type null
in APPPATH\Views\noticia1.php on line 896.
 1 APPPATH\Views\noticia1.php(896): CodeIgniter\Debug\Exceptions->errorHandler(2, 'Trying to access array offset on value of type null', 'C:\\xampp\\htdocs\\noticias\\app\\Views\\noticia1.php', 896)
 2 SYSTEMPATH\View\View.php(228): include('C:\\xampp\\htdocs\\noticias\\app\\Views\\noticia1.php')
 3 SYSTEMPATH\View\View.php(231): CodeIgniter\View\View->CodeIgniter\View\{closure}()
 4 SYSTEMPATH\Common.php(1190): CodeIgniter\View\View->render('noticia1', [], true)
 5 APPPATH\Controllers\Noticia.php(98): view('noticia1', [...])
 6 SYSTEMPATH\CodeIgniter.php(942): App\Controllers\Noticia->getNoticia('7')
 7 SYSTEMPATH\CodeIgniter.php(502): CodeIgniter\CodeIgniter->runController(Object(App\Controllers\Noticia))
 8 SYSTEMPATH\CodeIgniter.php(361): CodeIgniter\CodeIgniter->handleRequest(null, Object(Config\Cache), false)
 9 FCPATH\index.php(79): CodeIgniter\CodeIgniter->run()
CRITICAL - 2023-11-29 23:32:26 --> Invalid file: "noticia1.php"
in SYSTEMPATH\Exceptions\FrameworkException.php on line 39.
 1 SYSTEMPATH\View\View.php(216): CodeIgniter\Exceptions\FrameworkException::forInvalidFile('noticia1.php')
 2 SYSTEMPATH\Common.php(1190): CodeIgniter\View\View->render('noticia1', [], true)
 3 APPPATH\Controllers\Noticia.php(98): view('noticia1', [...])
 4 SYSTEMPATH\CodeIgniter.php(942): App\Controllers\Noticia->getNoticia('14')
 5 SYSTEMPATH\CodeIgniter.php(502): CodeIgniter\CodeIgniter->runController(Object(App\Controllers\Noticia))
 6 SYSTEMPATH\CodeIgniter.php(361): CodeIgniter\CodeIgniter->handleRequest(null, Object(Config\Cache), false)
 7 FCPATH\index.php(79): CodeIgniter\CodeIgniter->run()
CRITICAL - 2023-11-29 23:32:31 --> Invalid file: "noticia1.php"
in SYSTEMPATH\Exceptions\FrameworkException.php on line 39.
 1 SYSTEMPATH\View\View.php(216): CodeIgniter\Exceptions\FrameworkException::forInvalidFile('noticia1.php')
 2 SYSTEMPATH\Common.php(1190): CodeIgniter\View\View->render('noticia1', [], true)
 3 APPPATH\Controllers\Noticia.php(98): view('noticia1', [...])
 4 SYSTEMPATH\CodeIgniter.php(942): App\Controllers\Noticia->getNoticia('14')
 5 SYSTEMPATH\CodeIgniter.php(502): CodeIgniter\CodeIgniter->runController(Object(App\Controllers\Noticia))
 6 SYSTEMPATH\CodeIgniter.php(361): CodeIgniter\CodeIgniter->handleRequest(null, Object(Config\Cache), false)
 7 FCPATH\index.php(79): CodeIgniter\CodeIgniter->run()
CRITICAL - 2023-11-29 23:32:36 --> Invalid file: "noticia1.php"
in SYSTEMPATH\Exceptions\FrameworkException.php on line 39.
 1 SYSTEMPATH\View\View.php(216): CodeIgniter\Exceptions\FrameworkException::forInvalidFile('noticia1.php')
 2 SYSTEMPATH\Common.php(1190): CodeIgniter\View\View->render('noticia1', [], true)
 3 APPPATH\Controllers\Noticia.php(98): view('noticia1', [...])
 4 SYSTEMPATH\CodeIgniter.php(942): App\Controllers\Noticia->getNoticia('14')
 5 SYSTEMPATH\CodeIgniter.php(502): CodeIgniter\CodeIgniter->runController(Object(App\Controllers\Noticia))
 6 SYSTEMPATH\CodeIgniter.php(361): CodeIgniter\CodeIgniter->handleRequest(null, Object(Config\Cache), false)
 7 FCPATH\index.php(79): CodeIgniter\CodeIgniter->run()
CRITICAL - 2023-11-29 23:32:40 --> Invalid file: "noticia1.php"
in SYSTEMPATH\Exceptions\FrameworkException.php on line 39.
 1 SYSTEMPATH\View\View.php(216): CodeIgniter\Exceptions\FrameworkException::forInvalidFile('noticia1.php')
 2 SYSTEMPATH\Common.php(1190): CodeIgniter\View\View->render('noticia1', [], true)
 3 APPPATH\Controllers\Noticia.php(98): view('noticia1', [...])
 4 SYSTEMPATH\CodeIgniter.php(942): App\Controllers\Noticia->getNoticia('13')
 5 SYSTEMPATH\CodeIgniter.php(502): CodeIgniter\CodeIgniter->runController(Object(App\Controllers\Noticia))
 6 SYSTEMPATH\CodeIgniter.php(361): CodeIgniter\CodeIgniter->handleRequest(null, Object(Config\Cache), false)
 7 FCPATH\index.php(79): CodeIgniter\CodeIgniter->run()
CRITICAL - 2023-11-29 23:53:53 --> Undefined variable $news
in APPPATH\Views\noticia.php on line 62.
 1 APPPATH\Views\noticia.php(62): CodeIgniter\Debug\Exceptions->errorHandler(2, 'Undefined variable $news', 'C:\\xampp\\htdocs\\noticias\\app\\Views\\noticia.php', 62)
 2 SYSTEMPATH\View\View.php(228): include('C:\\xampp\\htdocs\\noticias\\app\\Views\\noticia.php')
 3 SYSTEMPATH\View\View.php(231): CodeIgniter\View\View->CodeIgniter\View\{closure}()
 4 SYSTEMPATH\Common.php(1190): CodeIgniter\View\View->render('noticia', [], true)
 5 APPPATH\Controllers\News.php(29): view('noticia', [...])
 6 SYSTEMPATH\CodeIgniter.php(942): App\Controllers\News->getNoticia('14')
 7 SYSTEMPATH\CodeIgniter.php(502): CodeIgniter\CodeIgniter->runController(Object(App\Controllers\News))
 8 SYSTEMPATH\CodeIgniter.php(361): CodeIgniter\CodeIgniter->handleRequest(null, Object(Config\Cache), false)
 9 FCPATH\index.php(79): CodeIgniter\CodeIgniter->run()
CRITICAL - 2023-11-29 23:53:59 --> Undefined variable $noticias
in APPPATH\Views\noticia.php on line 62.
 1 APPPATH\Views\noticia.php(62): CodeIgniter\Debug\Exceptions->errorHandler(2, 'Undefined variable $noticias', 'C:\\xampp\\htdocs\\noticias\\app\\Views\\noticia.php', 62)
 2 SYSTEMPATH\View\View.php(228): include('C:\\xampp\\htdocs\\noticias\\app\\Views\\noticia.php')
 3 SYSTEMPATH\View\View.php(231): CodeIgniter\View\View->CodeIgniter\View\{closure}()
 4 SYSTEMPATH\Common.php(1190): CodeIgniter\View\View->render('noticia', [], true)
 5 APPPATH\Controllers\News.php(29): view('noticia', [...])
 6 SYSTEMPATH\CodeIgniter.php(942): App\Controllers\News->getNoticia('14')
 7 SYSTEMPATH\CodeIgniter.php(502): CodeIgniter\CodeIgniter->runController(Object(App\Controllers\News))
 8 SYSTEMPATH\CodeIgniter.php(361): CodeIgniter\CodeIgniter->handleRequest(null, Object(Config\Cache), false)
 9 FCPATH\index.php(79): CodeIgniter\CodeIgniter->run()
