CRITICAL - 2023-11-27 23:55:59 --> Undefined array key "TAG"
in APPPATH\Views\noticia1.php on line 19.
 1 APPPATH\Views\noticia1.php(19): CodeIgniter\Debug\Exceptions->errorHandler(2, 'Undefined array key "TAG"', 'C:\\xampp\\htdocs\\noticias\\app\\Views\\noticia1.php', 19)
 2 SYSTEMPATH\View\View.php(228): include('C:\\xampp\\htdocs\\noticias\\app\\Views\\noticia1.php')
 3 SYSTEMPATH\View\View.php(231): CodeIgniter\View\View->CodeIgniter\View\{closure}()
 4 SYSTEMPATH\Common.php(1190): CodeIgniter\View\View->render('noticia1', [], true)
 5 APPPATH\Controllers\Noticia.php(98): view('noticia1', [...])
 6 SYSTEMPATH\CodeIgniter.php(942): App\Controllers\Noticia->getNoticia('6')
 7 SYSTEMPATH\CodeIgniter.php(502): CodeIgniter\CodeIgniter->runController(Object(App\Controllers\Noticia))
 8 SYSTEMPATH\CodeIgniter.php(361): CodeIgniter\CodeIgniter->handleRequest(null, Object(Config\Cache), false)
 9 FCPATH\index.php(79): CodeIgniter\CodeIgniter->run()
CRITICAL - 2023-11-27 23:56:20 --> Undefined array key "TAG"
in APPPATH\Views\noticia1.php on line 19.
 1 APPPATH\Views\noticia1.php(19): CodeIgniter\Debug\Exceptions->errorHandler(2, 'Undefined array key "TAG"', 'C:\\xampp\\htdocs\\noticias\\app\\Views\\noticia1.php', 19)
 2 SYSTEMPATH\View\View.php(228): include('C:\\xampp\\htdocs\\noticias\\app\\Views\\noticia1.php')
 3 SYSTEMPATH\View\View.php(231): CodeIgniter\View\View->CodeIgniter\View\{closure}()
 4 SYSTEMPATH\Common.php(1190): CodeIgniter\View\View->render('noticia1', [], true)
 5 APPPATH\Controllers\Noticia.php(98): view('noticia1', [...])
 6 SYSTEMPATH\CodeIgniter.php(942): App\Controllers\Noticia->getNoticia('6')
 7 SYSTEMPATH\CodeIgniter.php(502): CodeIgniter\CodeIgniter->runController(Object(App\Controllers\Noticia))
 8 SYSTEMPATH\CodeIgniter.php(361): CodeIgniter\CodeIgniter->handleRequest(null, Object(Config\Cache), false)
 9 FCPATH\index.php(79): CodeIgniter\CodeIgniter->run()
CRITICAL - 2023-11-27 21:45:49 --> Cannot access offset of type string on string
in APPPATH\Views\formNoticia.php on line 45.
 1 SYSTEMPATH\View\View.php(228): include()
 2 SYSTEMPATH\View\View.php(231): CodeIgniter\View\View->CodeIgniter\View\{closure}()
 3 SYSTEMPATH\Common.php(1190): CodeIgniter\View\View->render('formNoticia', [], true)
 4 APPPATH\Controllers\Noticia.php(40): view('formNoticia')
 5 SYSTEMPATH\CodeIgniter.php(942): App\Controllers\Noticia->novo()
 6 SYSTEMPATH\CodeIgniter.php(502): CodeIgniter\CodeIgniter->runController(Object(App\Controllers\Noticia))
 7 SYSTEMPATH\CodeIgniter.php(361): CodeIgniter\CodeIgniter->handleRequest(null, Object(Config\Cache), false)
 8 FCPATH\index.php(79): CodeIgniter\CodeIgniter->run()
CRITICAL - 2023-11-27 21:45:52 --> Cannot access offset of type string on string
in APPPATH\Views\formNoticia.php on line 45.
 1 SYSTEMPATH\View\View.php(228): include()
 2 SYSTEMPATH\View\View.php(231): CodeIgniter\View\View->CodeIgniter\View\{closure}()
 3 SYSTEMPATH\Common.php(1190): CodeIgniter\View\View->render('formNoticia', [], true)
 4 APPPATH\Controllers\Noticia.php(40): view('formNoticia')
 5 SYSTEMPATH\CodeIgniter.php(942): App\Controllers\Noticia->novo()
 6 SYSTEMPATH\CodeIgniter.php(502): CodeIgniter\CodeIgniter->runController(Object(App\Controllers\Noticia))
 7 SYSTEMPATH\CodeIgniter.php(361): CodeIgniter\CodeIgniter->handleRequest(null, Object(Config\Cache), false)
 8 FCPATH\index.php(79): CodeIgniter\CodeIgniter->run()
CRITICAL - 2023-11-27 21:46:33 --> Undefined variable $noticias
in APPPATH\Views\formNoticia.php on line 45.
 1 APPPATH\Views\formNoticia.php(45): CodeIgniter\Debug\Exceptions->errorHandler(2, 'Undefined variable $noticias', 'C:\\xampp\\htdocs\\noticias\\app\\Views\\formNoticia.php', 45)
 2 SYSTEMPATH\View\View.php(228): include('C:\\xampp\\htdocs\\noticias\\app\\Views\\formNoticia.php')
 3 SYSTEMPATH\View\View.php(231): CodeIgniter\View\View->CodeIgniter\View\{closure}()
 4 SYSTEMPATH\Common.php(1190): CodeIgniter\View\View->render('formNoticia', [], true)
 5 APPPATH\Controllers\Noticia.php(40): view('formNoticia')
 6 SYSTEMPATH\CodeIgniter.php(942): App\Controllers\Noticia->novo()
 7 SYSTEMPATH\CodeIgniter.php(502): CodeIgniter\CodeIgniter->runController(Object(App\Controllers\Noticia))
 8 SYSTEMPATH\CodeIgniter.php(361): CodeIgniter\CodeIgniter->handleRequest(null, Object(Config\Cache), false)
 9 FCPATH\index.php(79): CodeIgniter\CodeIgniter->run()
CRITICAL - 2023-11-27 21:46:51 --> Undefined variable $noticias
in APPPATH\Views\formNoticia.php on line 45.
 1 APPPATH\Views\formNoticia.php(45): CodeIgniter\Debug\Exceptions->errorHandler(2, 'Undefined variable $noticias', 'C:\\xampp\\htdocs\\noticias\\app\\Views\\formNoticia.php', 45)
 2 SYSTEMPATH\View\View.php(228): include('C:\\xampp\\htdocs\\noticias\\app\\Views\\formNoticia.php')
 3 SYSTEMPATH\View\View.php(231): CodeIgniter\View\View->CodeIgniter\View\{closure}()
 4 SYSTEMPATH\Common.php(1190): CodeIgniter\View\View->render('formNoticia', [], true)
 5 APPPATH\Controllers\Noticia.php(40): view('formNoticia')
 6 SYSTEMPATH\CodeIgniter.php(942): App\Controllers\Noticia->novo()
 7 SYSTEMPATH\CodeIgniter.php(502): CodeIgniter\CodeIgniter->runController(Object(App\Controllers\Noticia))
 8 SYSTEMPATH\CodeIgniter.php(361): CodeIgniter\CodeIgniter->handleRequest(null, Object(Config\Cache), false)
 9 FCPATH\index.php(79): CodeIgniter\CodeIgniter->run()
CRITICAL - 2023-11-27 21:47:37 --> Cannot access offset of type string on string
in APPPATH\Views\formNoticia.php on line 45.
 1 SYSTEMPATH\View\View.php(228): include()
 2 SYSTEMPATH\View\View.php(231): CodeIgniter\View\View->CodeIgniter\View\{closure}()
 3 SYSTEMPATH\Common.php(1190): CodeIgniter\View\View->render('formNoticia', [], true)
 4 APPPATH\Controllers\Noticia.php(40): view('formNoticia')
 5 SYSTEMPATH\CodeIgniter.php(942): App\Controllers\Noticia->novo()
 6 SYSTEMPATH\CodeIgniter.php(502): CodeIgniter\CodeIgniter->runController(Object(App\Controllers\Noticia))
 7 SYSTEMPATH\CodeIgniter.php(361): CodeIgniter\CodeIgniter->handleRequest(null, Object(Config\Cache), false)
 8 FCPATH\index.php(79): CodeIgniter\CodeIgniter->run()
CRITICAL - 2023-11-27 21:47:53 --> Undefined variable $noticias
in APPPATH\Views\formNoticia.php on line 45.
 1 APPPATH\Views\formNoticia.php(45): CodeIgniter\Debug\Exceptions->errorHandler(2, 'Undefined variable $noticias', 'C:\\xampp\\htdocs\\noticias\\app\\Views\\formNoticia.php', 45)
 2 SYSTEMPATH\View\View.php(228): include('C:\\xampp\\htdocs\\noticias\\app\\Views\\formNoticia.php')
 3 SYSTEMPATH\View\View.php(231): CodeIgniter\View\View->CodeIgniter\View\{closure}()
 4 SYSTEMPATH\Common.php(1190): CodeIgniter\View\View->render('formNoticia', [], true)
 5 APPPATH\Controllers\Noticia.php(40): view('formNoticia')
 6 SYSTEMPATH\CodeIgniter.php(942): App\Controllers\Noticia->novo()
 7 SYSTEMPATH\CodeIgniter.php(502): CodeIgniter\CodeIgniter->runController(Object(App\Controllers\Noticia))
 8 SYSTEMPATH\CodeIgniter.php(361): CodeIgniter\CodeIgniter->handleRequest(null, Object(Config\Cache), false)
 9 FCPATH\index.php(79): CodeIgniter\CodeIgniter->run()
